<?xml version="1.0" encoding="UTF-8"?>
<!-- Generated by org.testng.reporters.JUnitXMLReporter -->
<testsuite ignored="0" hostname="DESKTOP-MHR9PJG" failures="0" tests="5" name="Default test" time="24.559" errors="0" timestamp="2022-08-27T12:58:59 IST">
  <testcase classname="test.LoginTest4" name="ZerodhaLoginTest" time="2.363"/>
  <testcase classname="test.LoginTest4" name="data" time="0.012"/>
  <testcase classname="test.LoginTest4" name="data" time="0.004"/>
  <testcase classname="test.LoginTest4" name="data" time="0.006"/>
  <testcase classname="test.LoginTest4" name="validateZeodhaForgotLink" time="0.17"/>
</testsuite> <!-- Default test -->
