<?xml version="1.0" encoding="UTF-8"?>
<testng-results ignored="0" total="5" passed="5" failed="0" skipped="0">
  <reporter-output>
  </reporter-output>
  <suite started-at="2022-08-27T12:58:35 IST" name="Default suite" finished-at="2022-08-27T12:58:59 IST" duration-ms="24559">
    <groups>
    </groups>
    <test started-at="2022-08-27T12:58:35 IST" name="Default test" finished-at="2022-08-27T12:58:59 IST" duration-ms="24559">
      <class name="test.LoginTest4">
        <test-method is-config="true" signature="addReports()[pri:0, instance:test.LoginTest4@72d1ad2e]" started-at="2022-08-27T12:58:35 IST" name="addReports" finished-at="2022-08-27T12:58:35 IST" duration-ms="478" status="PASS">
          <reporter-output>
          </reporter-output>
        </test-method> <!-- addReports -->
        <test-method is-config="true" signature="launchBrowser()[pri:0, instance:test.LoginTest4@72d1ad2e]" started-at="2022-08-27T12:58:35 IST" name="launchBrowser" finished-at="2022-08-27T12:58:41 IST" duration-ms="5250" status="PASS">
          <reporter-output>
          </reporter-output>
        </test-method> <!-- launchBrowser -->
        <test-method signature="ZerodhaLoginTest()[pri:0, instance:test.LoginTest4@72d1ad2e]" started-at="2022-08-27T12:58:41 IST" name="ZerodhaLoginTest" finished-at="2022-08-27T12:58:43 IST" duration-ms="2363" status="PASS">
          <reporter-output>
          </reporter-output>
        </test-method> <!-- ZerodhaLoginTest -->
        <test-method is-config="true" signature="postTest(org.testng.ITestResult)[pri:0, instance:test.LoginTest4@72d1ad2e]" started-at="2022-08-27T12:58:43 IST" name="postTest" finished-at="2022-08-27T12:58:43 IST" duration-ms="14" status="PASS">
          <params>
            <param index="0">
              <value>
                <![CDATA[[TestResult name=ZerodhaLoginTest status=SUCCESS method=LoginTest4.ZerodhaLoginTest()[pri:0, instance:test.LoginTest4@72d1ad2e] output={null}]]]>
              </value>
            </param>
          </params>
          <reporter-output>
          </reporter-output>
        </test-method> <!-- postTest -->
        <test-method is-config="true" signature="launchBrowser()[pri:0, instance:test.LoginTest4@72d1ad2e]" started-at="2022-08-27T12:58:43 IST" name="launchBrowser" finished-at="2022-08-27T12:58:47 IST" duration-ms="4127" status="PASS">
          <reporter-output>
          </reporter-output>
        </test-method> <!-- launchBrowser -->
        <test-method signature="data(int,int,java.lang.String)[pri:0, instance:test.LoginTest4@72d1ad2e]" started-at="2022-08-27T12:58:47 IST" name="data" data-provider="DataForTest" finished-at="2022-08-27T12:58:47 IST" duration-ms="12" status="PASS">
          <params>
            <param index="0">
              <value>
                <![CDATA[5]]>
              </value>
            </param>
            <param index="1">
              <value>
                <![CDATA[10]]>
              </value>
            </param>
            <param index="2">
              <value>
                <![CDATA[Velocity]]>
              </value>
            </param>
          </params>
          <reporter-output>
          </reporter-output>
        </test-method> <!-- data -->
        <test-method is-config="true" signature="postTest(org.testng.ITestResult)[pri:0, instance:test.LoginTest4@72d1ad2e]" started-at="2022-08-27T12:58:47 IST" name="postTest" finished-at="2022-08-27T12:58:47 IST" duration-ms="0" status="PASS">
          <params>
            <param index="0">
              <value>
                <![CDATA[[TestResult name=data status=SUCCESS method=LoginTest4.data(int,int,java.lang.String)[pri:0, instance:test.LoginTest4@72d1ad2e] output={null}]]]>
              </value>
            </param>
          </params>
          <reporter-output>
          </reporter-output>
        </test-method> <!-- postTest -->
        <test-method is-config="true" signature="launchBrowser()[pri:0, instance:test.LoginTest4@72d1ad2e]" started-at="2022-08-27T12:58:47 IST" name="launchBrowser" finished-at="2022-08-27T12:58:50 IST" duration-ms="3316" status="PASS">
          <reporter-output>
          </reporter-output>
        </test-method> <!-- launchBrowser -->
        <test-method signature="data(int,int,java.lang.String)[pri:0, instance:test.LoginTest4@72d1ad2e]" started-at="2022-08-27T12:58:50 IST" name="data" data-provider="DataForTest" finished-at="2022-08-27T12:58:50 IST" duration-ms="4" status="PASS">
          <params>
            <param index="0">
              <value>
                <![CDATA[40]]>
              </value>
            </param>
            <param index="1">
              <value>
                <![CDATA[2]]>
              </value>
            </param>
            <param index="2">
              <value>
                <![CDATA[Katraj]]>
              </value>
            </param>
          </params>
          <reporter-output>
          </reporter-output>
        </test-method> <!-- data -->
        <test-method is-config="true" signature="postTest(org.testng.ITestResult)[pri:0, instance:test.LoginTest4@72d1ad2e]" started-at="2022-08-27T12:58:50 IST" name="postTest" finished-at="2022-08-27T12:58:50 IST" duration-ms="1" status="PASS">
          <params>
            <param index="0">
              <value>
                <![CDATA[[TestResult name=data status=SUCCESS method=LoginTest4.data(int,int,java.lang.String)[pri:0, instance:test.LoginTest4@72d1ad2e] output={null}]]]>
              </value>
            </param>
          </params>
          <reporter-output>
          </reporter-output>
        </test-method> <!-- postTest -->
        <test-method is-config="true" signature="launchBrowser()[pri:0, instance:test.LoginTest4@72d1ad2e]" started-at="2022-08-27T12:58:50 IST" name="launchBrowser" finished-at="2022-08-27T12:58:54 IST" duration-ms="3876" status="PASS">
          <reporter-output>
          </reporter-output>
        </test-method> <!-- launchBrowser -->
        <test-method signature="data(int,int,java.lang.String)[pri:0, instance:test.LoginTest4@72d1ad2e]" started-at="2022-08-27T12:58:54 IST" name="data" data-provider="DataForTest" finished-at="2022-08-27T12:58:54 IST" duration-ms="6" status="PASS">
          <params>
            <param index="0">
              <value>
                <![CDATA[50]]>
              </value>
            </param>
            <param index="1">
              <value>
                <![CDATA[5]]>
              </value>
            </param>
            <param index="2">
              <value>
                <![CDATA[Pune]]>
              </value>
            </param>
          </params>
          <reporter-output>
          </reporter-output>
        </test-method> <!-- data -->
        <test-method is-config="true" signature="postTest(org.testng.ITestResult)[pri:0, instance:test.LoginTest4@72d1ad2e]" started-at="2022-08-27T12:58:54 IST" name="postTest" finished-at="2022-08-27T12:58:54 IST" duration-ms="1" status="PASS">
          <params>
            <param index="0">
              <value>
                <![CDATA[[TestResult name=data status=SUCCESS method=LoginTest4.data(int,int,java.lang.String)[pri:0, instance:test.LoginTest4@72d1ad2e] output={null}]]]>
              </value>
            </param>
          </params>
          <reporter-output>
          </reporter-output>
        </test-method> <!-- postTest -->
        <test-method is-config="true" signature="launchBrowser()[pri:0, instance:test.LoginTest4@72d1ad2e]" started-at="2022-08-27T12:58:54 IST" name="launchBrowser" finished-at="2022-08-27T12:58:58 IST" duration-ms="4032" status="PASS">
          <reporter-output>
          </reporter-output>
        </test-method> <!-- launchBrowser -->
        <test-method signature="validateZeodhaForgotLink()[pri:0, instance:test.LoginTest4@72d1ad2e]" started-at="2022-08-27T12:58:58 IST" name="validateZeodhaForgotLink" finished-at="2022-08-27T12:58:58 IST" duration-ms="170" status="PASS">
          <reporter-output>
          </reporter-output>
        </test-method> <!-- validateZeodhaForgotLink -->
        <test-method is-config="true" signature="postTest(org.testng.ITestResult)[pri:0, instance:test.LoginTest4@72d1ad2e]" started-at="2022-08-27T12:58:58 IST" name="postTest" finished-at="2022-08-27T12:58:58 IST" duration-ms="3" status="PASS">
          <params>
            <param index="0">
              <value>
                <![CDATA[[TestResult name=validateZeodhaForgotLink status=SUCCESS method=LoginTest4.validateZeodhaForgotLink()[pri:0, instance:test.LoginTest4@72d1ad2e] output={null}]]]>
              </value>
            </param>
          </params>
          <reporter-output>
          </reporter-output>
        </test-method> <!-- postTest -->
        <test-method is-config="true" signature="flushReport()[pri:0, instance:test.LoginTest4@72d1ad2e]" started-at="2022-08-27T12:58:58 IST" name="flushReport" finished-at="2022-08-27T12:58:59 IST" duration-ms="808" status="PASS">
          <reporter-output>
          </reporter-output>
        </test-method> <!-- flushReport -->
      </class> <!-- test.LoginTest4 -->
    </test> <!-- Default test -->
  </suite> <!-- Default suite -->
</testng-results>
